e:\wo_shi_ji\qtframe\qtframe\win32\debug\filmtrimmer.bsc
e:\wo_shi_ji\qtframe\qtframe\filmtrimmer\debug\vc140.pdb
e:\wo_shi_ji\qtframe\qtframe\filmtrimmer\debug\ctrl_autoproduction.sbr
e:\wo_shi_ji\qtframe\qtframe\filmtrimmer\debug\ctrl_base.sbr
e:\wo_shi_ji\qtframe\qtframe\filmtrimmer\debug\ctrl_filmtrimmer.sbr
e:\wo_shi_ji\qtframe\qtframe\filmtrimmer\debug\ctrl_iodebug.sbr
e:\wo_shi_ji\qtframe\qtframe\filmtrimmer\debug\ctrl_motordebug.sbr
e:\wo_shi_ji\qtframe\qtframe\filmtrimmer\debug\ctrl_parameterset.sbr
e:\wo_shi_ji\qtframe\qtframe\filmtrimmer\debug\ctrl_producteditor.sbr
e:\wo_shi_ji\qtframe\qtframe\filmtrimmer\debug\dp_cfginterface.sbr
e:\wo_shi_ji\qtframe\qtframe\filmtrimmer\debug\dp_hcplcinteraction.sbr
e:\wo_shi_ji\qtframe\qtframe\filmtrimmer\debug\dp_laserinteraction.sbr
e:\wo_shi_ji\qtframe\qtframe\filmtrimmer\debug\dp_motorctrlinteraction.sbr
e:\wo_shi_ji\qtframe\qtframe\filmtrimmer\debug\moc_ctrl_autoproduction.sbr
e:\wo_shi_ji\qtframe\qtframe\filmtrimmer\debug\moc_ctrl_base.sbr
e:\wo_shi_ji\qtframe\qtframe\filmtrimmer\debug\moc_ctrl_filmtrimmer.sbr
e:\wo_shi_ji\qtframe\qtframe\filmtrimmer\debug\moc_dp_cfginterface.sbr
e:\wo_shi_ji\qtframe\qtframe\filmtrimmer\debug\moc_dp_motorctrlinteraction.sbr
e:\wo_shi_ji\qtframe\qtframe\filmtrimmer\debug\moc_op_autoupdatedata.sbr
e:\wo_shi_ji\qtframe\qtframe\filmtrimmer\debug\moc_op_fsm.sbr
e:\wo_shi_ji\qtframe\qtframe\filmtrimmer\debug\moc_op_machinesoftwaremain.sbr
e:\wo_shi_ji\qtframe\qtframe\filmtrimmer\debug\moc_op_machinestatusctrl.sbr
e:\wo_shi_ji\qtframe\qtframe\filmtrimmer\debug\moc_op_machinestatusctrl.obj
e:\wo_shi_ji\qtframe\qtframe\filmtrimmer\debug\moc_op_machinesoftwaremain.obj
e:\wo_shi_ji\qtframe\qtframe\filmtrimmer\debug\moc_op_fsm.obj
e:\wo_shi_ji\qtframe\qtframe\filmtrimmer\debug\moc_op_autoupdatedata.obj
e:\wo_shi_ji\qtframe\qtframe\filmtrimmer\debug\moc_dp_motorctrlinteraction.obj
e:\wo_shi_ji\qtframe\qtframe\filmtrimmer\debug\moc_dp_cfginterface.obj
e:\wo_shi_ji\qtframe\qtframe\filmtrimmer\debug\moc_ctrl_filmtrimmer.obj
e:\wo_shi_ji\qtframe\qtframe\filmtrimmer\debug\moc_ctrl_base.obj
e:\wo_shi_ji\qtframe\qtframe\filmtrimmer\debug\moc_ctrl_autoproduction.obj
e:\wo_shi_ji\qtframe\qtframe\filmtrimmer\debug\dp_motorctrlinteraction.obj
e:\wo_shi_ji\qtframe\qtframe\filmtrimmer\debug\dp_laserinteraction.obj
e:\wo_shi_ji\qtframe\qtframe\filmtrimmer\debug\dp_hcplcinteraction.obj
e:\wo_shi_ji\qtframe\qtframe\filmtrimmer\debug\dp_cfginterface.obj
e:\wo_shi_ji\qtframe\qtframe\filmtrimmer\debug\ctrl_producteditor.obj
e:\wo_shi_ji\qtframe\qtframe\filmtrimmer\debug\ctrl_parameterset.obj
e:\wo_shi_ji\qtframe\qtframe\filmtrimmer\debug\ctrl_motordebug.obj
e:\wo_shi_ji\qtframe\qtframe\filmtrimmer\debug\ctrl_iodebug.obj
e:\wo_shi_ji\qtframe\qtframe\filmtrimmer\debug\ctrl_filmtrimmer.obj
e:\wo_shi_ji\qtframe\qtframe\filmtrimmer\debug\ctrl_base.obj
e:\wo_shi_ji\qtframe\qtframe\filmtrimmer\debug\ctrl_autoproduction.obj
e:\wo_shi_ji\qtframe\qtframe\filmtrimmer\debug\moc_qcusermanager.sbr
e:\wo_shi_ji\qtframe\qtframe\filmtrimmer\debug\moc_ui_autoproduction.sbr
e:\wo_shi_ji\qtframe\qtframe\filmtrimmer\debug\moc_ui_filmtrimmer.sbr
e:\wo_shi_ji\qtframe\qtframe\filmtrimmer\debug\moc_ui_floatingwindow.sbr
e:\wo_shi_ji\qtframe\qtframe\filmtrimmer\debug\moc_ui_historicalinformation.sbr
e:\wo_shi_ji\qtframe\qtframe\filmtrimmer\debug\moc_ui_iodebug.sbr
e:\wo_shi_ji\qtframe\qtframe\filmtrimmer\debug\moc_ui_machineerrorlist.sbr
e:\wo_shi_ji\qtframe\qtframe\filmtrimmer\debug\moc_ui_maintenance.sbr
e:\wo_shi_ji\qtframe\qtframe\filmtrimmer\debug\moc_ui_messagebox.sbr
e:\wo_shi_ji\qtframe\qtframe\filmtrimmer\debug\moc_ui_motordebug.sbr
e:\wo_shi_ji\qtframe\qtframe\filmtrimmer\debug\moc_ui_parametersetting.sbr
e:\wo_shi_ji\qtframe\qtframe\filmtrimmer\debug\moc_ui_producteditor.sbr
e:\wo_shi_ji\qtframe\qtframe\filmtrimmer\debug\moc_ui_simpledialog.sbr
e:\wo_shi_ji\qtframe\qtframe\filmtrimmer\debug\moc_ui_stopcauselistdialog.sbr
e:\wo_shi_ji\qtframe\qtframe\filmtrimmer\debug\moc_ui_usermanagerctrol.sbr
e:\wo_shi_ji\qtframe\qtframe\filmtrimmer\debug\moc_ui_workspeedinputdialog.sbr
e:\wo_shi_ji\qtframe\qtframe\filmtrimmer\debug\log.sbr
e:\wo_shi_ji\qtframe\qtframe\filmtrimmer\debug\logmanager.sbr
e:\wo_shi_ji\qtframe\qtframe\filmtrimmer\debug\op_fsm.sbr
e:\wo_shi_ji\qtframe\qtframe\filmtrimmer\debug\op_machinestatusctrl.sbr
e:\wo_shi_ji\qtframe\qtframe\filmtrimmer\debug\op_machinestatusctrl.obj
e:\wo_shi_ji\qtframe\qtframe\filmtrimmer\debug\op_fsm.obj
e:\wo_shi_ji\qtframe\qtframe\filmtrimmer\debug\logmanager.obj
e:\wo_shi_ji\qtframe\qtframe\filmtrimmer\debug\log.obj
e:\wo_shi_ji\qtframe\qtframe\filmtrimmer\debug\moc_ui_workspeedinputdialog.obj
e:\wo_shi_ji\qtframe\qtframe\filmtrimmer\debug\moc_ui_usermanagerctrol.obj
e:\wo_shi_ji\qtframe\qtframe\filmtrimmer\debug\moc_ui_stopcauselistdialog.obj
e:\wo_shi_ji\qtframe\qtframe\filmtrimmer\debug\moc_ui_simpledialog.obj
e:\wo_shi_ji\qtframe\qtframe\filmtrimmer\debug\moc_ui_producteditor.obj
e:\wo_shi_ji\qtframe\qtframe\filmtrimmer\debug\moc_ui_parametersetting.obj
e:\wo_shi_ji\qtframe\qtframe\filmtrimmer\debug\moc_ui_motordebug.obj
e:\wo_shi_ji\qtframe\qtframe\filmtrimmer\debug\moc_ui_messagebox.obj
e:\wo_shi_ji\qtframe\qtframe\filmtrimmer\debug\moc_ui_maintenance.obj
e:\wo_shi_ji\qtframe\qtframe\filmtrimmer\debug\moc_ui_machineerrorlist.obj
e:\wo_shi_ji\qtframe\qtframe\filmtrimmer\debug\moc_ui_iodebug.obj
e:\wo_shi_ji\qtframe\qtframe\filmtrimmer\debug\moc_ui_historicalinformation.obj
e:\wo_shi_ji\qtframe\qtframe\filmtrimmer\debug\moc_ui_floatingwindow.obj
e:\wo_shi_ji\qtframe\qtframe\filmtrimmer\debug\moc_ui_filmtrimmer.obj
e:\wo_shi_ji\qtframe\qtframe\filmtrimmer\debug\moc_ui_autoproduction.obj
e:\wo_shi_ji\qtframe\qtframe\filmtrimmer\debug\moc_qcusermanager.obj
e:\wo_shi_ji\qtframe\qtframe\filmtrimmer\debug\op_autoupdatedata.sbr
e:\wo_shi_ji\qtframe\qtframe\filmtrimmer\debug\op_machinesoftwaremain.sbr
e:\wo_shi_ji\qtframe\qtframe\filmtrimmer\debug\qcusermanager.sbr
e:\wo_shi_ji\qtframe\qtframe\filmtrimmer\debug\ui_autoproduction.sbr
e:\wo_shi_ji\qtframe\qtframe\filmtrimmer\debug\ui_interfacebase.sbr
e:\wo_shi_ji\qtframe\qtframe\filmtrimmer\debug\ui_filmtrimmer.sbr
e:\wo_shi_ji\qtframe\qtframe\filmtrimmer\debug\ui_historicalinformation.sbr
e:\wo_shi_ji\qtframe\qtframe\filmtrimmer\debug\ui_iodebug.sbr
e:\wo_shi_ji\qtframe\qtframe\filmtrimmer\debug\ui_machineerrorlist.sbr
e:\wo_shi_ji\qtframe\qtframe\filmtrimmer\debug\ui_maintenance.sbr
e:\wo_shi_ji\qtframe\qtframe\filmtrimmer\debug\ui_messagebox.sbr
e:\wo_shi_ji\qtframe\qtframe\filmtrimmer\debug\moc_dp_laserinteraction.sbr
e:\wo_shi_ji\qtframe\qtframe\filmtrimmer\debug\main.sbr
e:\wo_shi_ji\qtframe\qtframe\filmtrimmer\debug\ping.sbr
e:\wo_shi_ji\qtframe\qtframe\filmtrimmer\debug\dp_fileoperator.sbr
e:\wo_shi_ji\qtframe\qtframe\filmtrimmer\debug\ui_floatingwindow.sbr
e:\wo_shi_ji\qtframe\qtframe\filmtrimmer\debug\ui_motordebug.sbr
e:\wo_shi_ji\qtframe\qtframe\filmtrimmer\debug\ui_parametersetting.sbr
e:\wo_shi_ji\qtframe\qtframe\filmtrimmer\debug\ui_producteditor.sbr
e:\wo_shi_ji\qtframe\qtframe\filmtrimmer\debug\ui_simpledialog.sbr
e:\wo_shi_ji\qtframe\qtframe\filmtrimmer\debug\ui_simpledialog.obj
e:\wo_shi_ji\qtframe\qtframe\filmtrimmer\debug\ui_producteditor.obj
e:\wo_shi_ji\qtframe\qtframe\filmtrimmer\debug\ui_parametersetting.obj
e:\wo_shi_ji\qtframe\qtframe\filmtrimmer\debug\ui_motordebug.obj
e:\wo_shi_ji\qtframe\qtframe\filmtrimmer\debug\ui_floatingwindow.obj
e:\wo_shi_ji\qtframe\qtframe\filmtrimmer\debug\dp_fileoperator.obj
e:\wo_shi_ji\qtframe\qtframe\filmtrimmer\debug\ping.obj
e:\wo_shi_ji\qtframe\qtframe\filmtrimmer\debug\main.obj
e:\wo_shi_ji\qtframe\qtframe\filmtrimmer\debug\moc_dp_laserinteraction.obj
e:\wo_shi_ji\qtframe\qtframe\filmtrimmer\debug\ui_messagebox.obj
e:\wo_shi_ji\qtframe\qtframe\filmtrimmer\debug\ui_maintenance.obj
e:\wo_shi_ji\qtframe\qtframe\filmtrimmer\debug\ui_machineerrorlist.obj
e:\wo_shi_ji\qtframe\qtframe\filmtrimmer\debug\ui_iodebug.obj
e:\wo_shi_ji\qtframe\qtframe\filmtrimmer\debug\ui_historicalinformation.obj
e:\wo_shi_ji\qtframe\qtframe\filmtrimmer\debug\ui_filmtrimmer.obj
e:\wo_shi_ji\qtframe\qtframe\filmtrimmer\debug\ui_interfacebase.obj
e:\wo_shi_ji\qtframe\qtframe\filmtrimmer\debug\ui_autoproduction.obj
e:\wo_shi_ji\qtframe\qtframe\filmtrimmer\debug\qcusermanager.obj
e:\wo_shi_ji\qtframe\qtframe\filmtrimmer\debug\op_machinesoftwaremain.obj
e:\wo_shi_ji\qtframe\qtframe\filmtrimmer\debug\op_autoupdatedata.obj
e:\wo_shi_ji\qtframe\qtframe\filmtrimmer\debug\ui_stopcauselistdialog.sbr
e:\wo_shi_ji\qtframe\qtframe\filmtrimmer\debug\ui_usermanagerctrol.sbr
e:\wo_shi_ji\qtframe\qtframe\filmtrimmer\debug\ui_workspeedinputdialog.sbr
e:\wo_shi_ji\qtframe\qtframe\filmtrimmer\debug\ui_workspeedinputdialog.obj
e:\wo_shi_ji\qtframe\qtframe\filmtrimmer\debug\ui_usermanagerctrol.obj
e:\wo_shi_ji\qtframe\qtframe\filmtrimmer\debug\ui_stopcauselistdialog.obj
e:\wo_shi_ji\qtframe\qtframe\filmtrimmer\debug\qrc_filmtrimmer.sbr
e:\wo_shi_ji\qtframe\qtframe\filmtrimmer\debug\qrc_filmtrimmer.obj
e:\wo_shi_ji\qtframe\qtframe\filmtrimmer\generatedfiles\ui_ui_filmtrimmer.h
e:\wo_shi_ji\qtframe\qtframe\filmtrimmer\generatedfiles\debug\moc_ui_machineerrorlist.cpp
e:\wo_shi_ji\qtframe\qtframe\filmtrimmer\generatedfiles\debug\moc_qcusermanager.cpp
e:\wo_shi_ji\qtframe\qtframe\filmtrimmer\generatedfiles\debug\moc_ui_usermanagerctrol.cpp
e:\wo_shi_ji\qtframe\qtframe\filmtrimmer\generatedfiles\debug\moc_ui_maintenance.cpp
e:\wo_shi_ji\qtframe\qtframe\filmtrimmer\generatedfiles\debug\moc_ui_workspeedinputdialog.cpp
e:\wo_shi_ji\qtframe\qtframe\filmtrimmer\generatedfiles\debug\moc_ui_simpledialog.cpp
e:\wo_shi_ji\qtframe\qtframe\filmtrimmer\generatedfiles\debug\moc_ctrl_autoproduction.cpp
e:\wo_shi_ji\qtframe\qtframe\filmtrimmer\generatedfiles\debug\moc_ctrl_filmtrimmer.cpp
e:\wo_shi_ji\qtframe\qtframe\filmtrimmer\generatedfiles\debug\moc_ctrl_base.cpp
e:\wo_shi_ji\qtframe\qtframe\filmtrimmer\generatedfiles\debug\moc_ui_filmtrimmer.cpp
e:\wo_shi_ji\qtframe\qtframe\filmtrimmer\generatedfiles\debug\moc_dp_motorctrlinteraction.cpp
e:\wo_shi_ji\qtframe\qtframe\filmtrimmer\generatedfiles\debug\moc_op_fsm.cpp
e:\wo_shi_ji\qtframe\qtframe\filmtrimmer\generatedfiles\debug\moc_ui_historicalinformation.cpp
e:\wo_shi_ji\qtframe\qtframe\filmtrimmer\generatedfiles\debug\moc_ui_motordebug.cpp
e:\wo_shi_ji\qtframe\qtframe\filmtrimmer\generatedfiles\debug\moc_ui_iodebug.cpp
e:\wo_shi_ji\qtframe\qtframe\filmtrimmer\generatedfiles\debug\moc_ui_autoproduction.cpp
e:\wo_shi_ji\qtframe\qtframe\filmtrimmer\generatedfiles\debug\moc_ui_messagebox.cpp
e:\wo_shi_ji\qtframe\qtframe\filmtrimmer\generatedfiles\debug\moc_ui_floatingwindow.cpp
e:\wo_shi_ji\qtframe\qtframe\filmtrimmer\generatedfiles\debug\moc_dp_laserinteraction.cpp
e:\wo_shi_ji\qtframe\qtframe\filmtrimmer\generatedfiles\debug\moc_dp_cfginterface.cpp
e:\wo_shi_ji\qtframe\qtframe\filmtrimmer\generatedfiles\qrc_filmtrimmer.cpp
e:\wo_shi_ji\qtframe\qtframe\filmtrimmer\generatedfiles\ui_ui_floatingwindow.h
e:\wo_shi_ji\qtframe\qtframe\filmtrimmer\generatedfiles\ui_ui_messagebox.h
e:\wo_shi_ji\qtframe\qtframe\filmtrimmer\generatedfiles\ui_ui_iodebug.h
e:\wo_shi_ji\qtframe\qtframe\filmtrimmer\generatedfiles\ui_ui_motordebug.h
e:\wo_shi_ji\qtframe\qtframe\filmtrimmer\generatedfiles\ui_ui_parametersetting.h
e:\wo_shi_ji\qtframe\qtframe\filmtrimmer\generatedfiles\ui_ui_producteditor.h
e:\wo_shi_ji\qtframe\qtframe\filmtrimmer\generatedfiles\ui_ui_historicalinformation.h
e:\wo_shi_ji\qtframe\qtframe\filmtrimmer\generatedfiles\ui_ui_simpledialog.h
e:\wo_shi_ji\qtframe\qtframe\filmtrimmer\generatedfiles\ui_ui_workspeedinputdialog.h
e:\wo_shi_ji\qtframe\qtframe\filmtrimmer\generatedfiles\ui_ui_maintenance.h
e:\wo_shi_ji\qtframe\qtframe\filmtrimmer\generatedfiles\ui_ui_usermanagerctrol.h
e:\wo_shi_ji\qtframe\qtframe\filmtrimmer\generatedfiles\ui_ui_machineerrorlist.h
e:\wo_shi_ji\qtframe\qtframe\filmtrimmer\generatedfiles\debug\moc_ui_stopcauselistdialog.cpp
e:\wo_shi_ji\qtframe\qtframe\filmtrimmer\generatedfiles\debug\moc_op_machinestatusctrl.cpp
e:\wo_shi_ji\qtframe\qtframe\filmtrimmer\generatedfiles\debug\moc_ui_producteditor.cpp
e:\wo_shi_ji\qtframe\qtframe\filmtrimmer\generatedfiles\debug\moc_ui_parametersetting.cpp
e:\wo_shi_ji\qtframe\qtframe\filmtrimmer\generatedfiles\debug\moc_op_machinesoftwaremain.cpp
e:\wo_shi_ji\qtframe\qtframe\filmtrimmer\generatedfiles\ui_ui_autoproduction.h
e:\wo_shi_ji\qtframe\qtframe\filmtrimmer\generatedfiles\ui_ui_stopcauselistdialog.h
e:\wo_shi_ji\qtframe\qtframe\filmtrimmer\generatedfiles\debug\moc_op_autoupdatedata.cpp
e:\wo_shi_ji\qtframe\qtframe\win32\debug\filmtrimmer.lib
e:\wo_shi_ji\qtframe\qtframe\win32\debug\filmtrimmer.exp
e:\wo_shi_ji\qtframe\qtframe\win32\debug\filmtrimmer.ilk
e:\wo_shi_ji\qtframe\qtframe\win32\debug\filmtrimmer.exe
e:\wo_shi_ji\qtframe\qtframe\win32\debug\filmtrimmer.pdb
e:\wo_shi_ji\qtframe\qtframe\filmtrimmer\debug\filmtrimmer.res
e:\wo_shi_ji\qtframe\qtframe\filmtrimmer\debug\filmtrimmer.tlog\bscmake.command.1.tlog
e:\wo_shi_ji\qtframe\qtframe\filmtrimmer\debug\filmtrimmer.tlog\bscmake.read.1.tlog
e:\wo_shi_ji\qtframe\qtframe\filmtrimmer\debug\filmtrimmer.tlog\bscmake.write.1.tlog
e:\wo_shi_ji\qtframe\qtframe\filmtrimmer\debug\filmtrimmer.tlog\cl.command.1.tlog
e:\wo_shi_ji\qtframe\qtframe\filmtrimmer\debug\filmtrimmer.tlog\cl.read.1.tlog
e:\wo_shi_ji\qtframe\qtframe\filmtrimmer\debug\filmtrimmer.tlog\cl.write.1.tlog
e:\wo_shi_ji\qtframe\qtframe\filmtrimmer\debug\filmtrimmer.tlog\custombuild.command.1.tlog
e:\wo_shi_ji\qtframe\qtframe\filmtrimmer\debug\filmtrimmer.tlog\custombuild.read.1.tlog
e:\wo_shi_ji\qtframe\qtframe\filmtrimmer\debug\filmtrimmer.tlog\custombuild.write.1.tlog
e:\wo_shi_ji\qtframe\qtframe\filmtrimmer\debug\filmtrimmer.tlog\filmtrimmer.write.1u.tlog
e:\wo_shi_ji\qtframe\qtframe\filmtrimmer\debug\filmtrimmer.tlog\link.command.1.tlog
e:\wo_shi_ji\qtframe\qtframe\filmtrimmer\debug\filmtrimmer.tlog\link.read.1.tlog
e:\wo_shi_ji\qtframe\qtframe\filmtrimmer\debug\filmtrimmer.tlog\link.write.1.tlog
e:\wo_shi_ji\qtframe\qtframe\filmtrimmer\debug\filmtrimmer.tlog\rc.command.1.tlog
e:\wo_shi_ji\qtframe\qtframe\filmtrimmer\debug\filmtrimmer.tlog\rc.read.1.tlog
e:\wo_shi_ji\qtframe\qtframe\filmtrimmer\debug\filmtrimmer.tlog\rc.write.1.tlog
